2022-08-14 18:49:30 INFO  BaseClass.java:45 - OpanCrome Browser
2022-08-14 18:49:32 INFO  TC01.java:28 - Test Case 1 Start
2022-08-14 18:49:32 INFO  TC01.java:31 - Gender :M
2022-08-14 18:49:32 INFO  TC01.java:33 - Age :7
2022-08-14 18:49:34 INFO  TC01.java:35 - Click Submit Button
2022-08-14 18:49:40 INFO  TC01.java:38 - Click On Image 
2022-08-14 18:49:54 INFO  TC01.java:41 - Click on SponsorMe Button 
2022-08-14 18:49:59 INFO  TC01.java:43 - Click On BeginChekout Button 
2022-08-14 18:50:09 INFO  TC01.java:45 - Click On Continue As Guest Button
2022-08-14 18:50:09 INFO  TC01.java:51 - test cases One pass successfully
2022-08-14 18:50:09 INFO  BaseClass.java:77 - rownum :1
2022-08-14 18:50:09 INFO  BaseClass.java:79 - colcount :9
2022-08-14 18:50:09 INFO  TC01.java:62 - Test Case 2 Start
2022-08-14 18:50:09 INFO  TC01.java:65 - First_Name :Test
2022-08-14 18:50:09 INFO  TC01.java:67 - Last_Name :Test
2022-08-14 18:50:09 INFO  TC01.java:69 - Address1 :Test
2022-08-14 18:50:09 INFO  TC01.java:71 - Address2 :Test
2022-08-14 18:50:09 INFO  TC01.java:73 - City :New York
2022-08-14 18:50:09 INFO  TC01.java:75 - State :New York
2022-08-14 18:50:09 INFO  TC01.java:77 - Zip :10001
2022-08-14 18:50:09 INFO  TC01.java:79 - Email :san@gee.com
2022-08-14 18:50:10 INFO  TC01.java:81 - Phone :7909123123
2022-08-14 18:50:10 INFO  TC01.java:83 - Click On Continue Button 
2022-08-14 18:50:11 INFO  TC01.java:85 - Click On UseThisAddress
2022-08-14 18:50:14 INFO  TC01.java:91 - test cases 2 pass successfully
2022-08-14 18:50:14 INFO  TC01.java:102 - Test Case 3 Start
2022-08-14 18:50:14 INFO  KeyWordEngine.java:57 - Sheet Name :Name: /xl/worksheets/sheet1.xml - Content Type: application/vnd.openxmlformats-officedocument.spreadsheetml.worksheet+xml
2022-08-14 18:50:14 INFO  KeyWordEngine.java:63 - locatorColValue :xpath == //input[@id='wvus_new_expiration']
2022-08-14 18:50:14 INFO  KeyWordEngine.java:68 - locatorName :xpath
2022-08-14 18:50:14 INFO  KeyWordEngine.java:70 - locatorValue ://input[@id='wvus_new_expiration']
2022-08-14 18:50:14 INFO  KeyWordEngine.java:73 - action :sendkeys
2022-08-14 18:50:14 INFO  KeyWordEngine.java:76 - value :0425
2022-08-14 18:50:14 INFO  KeyWordEngine.java:83 - element :[[ChromeDriver: chrome on WINDOWS (2cbb0eb66229957b08e35d3f588592c1)] -> xpath: //input[@id='wvus_new_expiration']]
2022-08-14 18:50:14 INFO  KeyWordEngine.java:63 - locatorColValue :NA
2022-08-14 18:50:14 INFO  KeyWordEngine.java:73 - action :switchframe
2022-08-14 18:50:14 INFO  KeyWordEngine.java:76 - value :NA
2022-08-14 18:50:14 INFO  KeyWordEngine.java:83 - element :[[ChromeDriver: chrome on WINDOWS (2cbb0eb66229957b08e35d3f588592c1)] -> xpath: //input[@id='wvus_new_expiration']]
2022-08-14 18:50:14 INFO  KeyWordEngine.java:63 - locatorColValue :xpath == //input[@name= 'cardNumber']
2022-08-14 18:50:14 INFO  KeyWordEngine.java:68 - locatorName :xpath
2022-08-14 18:50:14 INFO  KeyWordEngine.java:70 - locatorValue ://input[@name= 'cardNumber']
2022-08-14 18:50:14 INFO  KeyWordEngine.java:73 - action :sendkeys
2022-08-14 18:50:14 INFO  KeyWordEngine.java:76 - value :4111 1111 1111 1111
2022-08-14 18:50:14 INFO  KeyWordEngine.java:83 - element :[[ChromeDriver: chrome on WINDOWS (2cbb0eb66229957b08e35d3f588592c1)] -> xpath: //input[@name= 'cardNumber']]
2022-08-14 18:50:19 INFO  TC01.java:104 - test case 3 pass successfully
2022-08-14 18:50:19 INFO  TC01.java:111 - Test Case 4 Start
2022-08-14 18:50:26 INFO  SubmitDetails.java:29 - Enter Submit Button
2022-08-14 18:50:41 INFO  BaseClass.java:67 - Close Browser
2022-08-14 18:53:11 INFO  BaseClass.java:45 - OpanCrome Browser
2022-08-14 18:53:13 INFO  TC01.java:28 - Test Case 1 Start
2022-08-14 18:53:13 INFO  TC01.java:31 - Gender :M
2022-08-14 18:53:13 INFO  TC01.java:33 - Age :7
2022-08-14 18:53:15 INFO  TC01.java:35 - Click Submit Button
2022-08-14 18:53:22 INFO  TC01.java:38 - Click On Image 
2022-08-14 18:53:38 INFO  TC01.java:41 - Click on SponsorMe Button 
2022-08-14 18:53:41 INFO  TC01.java:43 - Click On BeginChekout Button 
2022-08-14 18:53:53 INFO  TC01.java:45 - Click On Continue As Guest Button
2022-08-14 18:53:53 INFO  TC01.java:51 - test cases One pass successfully
2022-08-14 18:53:53 INFO  BaseClass.java:77 - rownum :1
2022-08-14 18:53:53 INFO  BaseClass.java:79 - colcount :9
2022-08-14 18:53:53 INFO  TC01.java:62 - Test Case 2 Start
2022-08-14 18:53:53 INFO  TC01.java:65 - First_Name :Test
2022-08-14 18:53:53 INFO  TC01.java:67 - Last_Name :Test
2022-08-14 18:53:53 INFO  TC01.java:69 - Address1 :Test
2022-08-14 18:53:53 INFO  TC01.java:71 - Address2 :Test
2022-08-14 18:53:53 INFO  TC01.java:73 - City :New York
2022-08-14 18:53:54 INFO  TC01.java:75 - State :New York
2022-08-14 18:53:54 INFO  TC01.java:77 - Zip :10001
2022-08-14 18:53:54 INFO  TC01.java:79 - Email :san@gee.com
2022-08-14 18:53:54 INFO  TC01.java:81 - Phone :7909123123
2022-08-14 18:53:54 INFO  TC01.java:83 - Click On Continue Button 
2022-08-14 18:53:56 INFO  TC01.java:85 - Click On UseThisAddress
2022-08-14 18:53:59 INFO  TC01.java:91 - test cases 2 pass successfully
2022-08-14 18:53:59 INFO  TC01.java:102 - Test Case 3 Start
2022-08-14 18:53:59 INFO  KeyWordEngine.java:57 - Sheet Name :Name: /xl/worksheets/sheet1.xml - Content Type: application/vnd.openxmlformats-officedocument.spreadsheetml.worksheet+xml
2022-08-14 18:53:59 INFO  KeyWordEngine.java:63 - locatorColValue :xpath == //input[@id='wvus_new_expiration']
2022-08-14 18:53:59 INFO  KeyWordEngine.java:68 - locatorName :xpath
2022-08-14 18:53:59 INFO  KeyWordEngine.java:70 - locatorValue ://input[@id='wvus_new_expiration']
2022-08-14 18:53:59 INFO  KeyWordEngine.java:73 - action :sendkeys
2022-08-14 18:53:59 INFO  KeyWordEngine.java:76 - value :0425
2022-08-14 18:53:59 INFO  KeyWordEngine.java:83 - element :[[ChromeDriver: chrome on WINDOWS (3c7bef4c5862eae84590b9e40728dae5)] -> xpath: //input[@id='wvus_new_expiration']]
2022-08-14 18:53:59 INFO  KeyWordEngine.java:63 - locatorColValue :NA
2022-08-14 18:53:59 INFO  KeyWordEngine.java:73 - action :switchframe
2022-08-14 18:53:59 INFO  KeyWordEngine.java:76 - value :NA
2022-08-14 18:53:59 INFO  KeyWordEngine.java:83 - element :[[ChromeDriver: chrome on WINDOWS (3c7bef4c5862eae84590b9e40728dae5)] -> xpath: //input[@id='wvus_new_expiration']]
2022-08-14 18:53:59 INFO  KeyWordEngine.java:63 - locatorColValue :xpath == //input[@name= 'cardNumber']
2022-08-14 18:53:59 INFO  KeyWordEngine.java:68 - locatorName :xpath
2022-08-14 18:53:59 INFO  KeyWordEngine.java:70 - locatorValue ://input[@name= 'cardNumber']
2022-08-14 18:53:59 INFO  KeyWordEngine.java:73 - action :sendkeys
2022-08-14 18:53:59 INFO  KeyWordEngine.java:76 - value :4111 1111 1111 1111
2022-08-14 18:53:59 INFO  KeyWordEngine.java:83 - element :[[ChromeDriver: chrome on WINDOWS (3c7bef4c5862eae84590b9e40728dae5)] -> xpath: //input[@name= 'cardNumber']]
2022-08-14 18:54:04 INFO  TC01.java:104 - test case 3 pass successfully
2022-08-14 18:54:04 INFO  TC01.java:111 - Test Case 4 Start
2022-08-14 18:54:11 INFO  SubmitDetails.java:29 - Enter Submit Button
2022-08-14 18:54:45 INFO  BaseClass.java:67 - Close Browser
2022-08-14 18:55:28 INFO  BaseClass.java:45 - OpanCrome Browser
2022-08-14 18:55:29 INFO  TC01.java:28 - Test Case 1 Start
2022-08-14 18:55:29 INFO  TC01.java:31 - Gender :M
2022-08-14 18:55:29 INFO  TC01.java:33 - Age :7
2022-08-14 18:55:32 INFO  TC01.java:35 - Click Submit Button
2022-08-14 18:55:37 INFO  TC01.java:38 - Click On Image 
2022-08-14 18:55:50 INFO  TC01.java:41 - Click on SponsorMe Button 
2022-08-14 18:55:55 INFO  TC01.java:43 - Click On BeginChekout Button 
2022-08-14 18:56:05 INFO  TC01.java:45 - Click On Continue As Guest Button
2022-08-14 18:56:05 INFO  TC01.java:51 - test cases One pass successfully
2022-08-14 18:56:06 INFO  BaseClass.java:77 - rownum :1
2022-08-14 18:56:06 INFO  BaseClass.java:79 - colcount :9
2022-08-14 18:56:06 INFO  TC01.java:62 - Test Case 2 Start
2022-08-14 18:56:06 INFO  TC01.java:65 - First_Name :Test
2022-08-14 18:56:06 INFO  TC01.java:67 - Last_Name :Test
2022-08-14 18:56:06 INFO  TC01.java:69 - Address1 :Test
2022-08-14 18:56:06 INFO  TC01.java:71 - Address2 :Test
2022-08-14 18:56:06 INFO  TC01.java:73 - City :New York
2022-08-14 18:56:06 INFO  TC01.java:75 - State :New York
2022-08-14 18:56:06 INFO  TC01.java:77 - Zip :10001
2022-08-14 18:56:06 INFO  TC01.java:79 - Email :san@gee.com
2022-08-14 18:56:06 INFO  TC01.java:81 - Phone :7909123123
2022-08-14 18:56:06 INFO  TC01.java:83 - Click On Continue Button 
2022-08-14 18:56:07 INFO  TC01.java:85 - Click On UseThisAddress
2022-08-14 18:56:10 INFO  TC01.java:91 - test cases 2 pass successfully
2022-08-14 18:56:10 INFO  TC01.java:102 - Test Case 3 Start
2022-08-14 18:56:10 INFO  KeyWordEngine.java:57 - Sheet Name :Name: /xl/worksheets/sheet1.xml - Content Type: application/vnd.openxmlformats-officedocument.spreadsheetml.worksheet+xml
2022-08-14 18:56:10 INFO  KeyWordEngine.java:63 - locatorColValue :xpath == //input[@id='wvus_new_expiration']
2022-08-14 18:56:10 INFO  KeyWordEngine.java:68 - locatorName :xpath
2022-08-14 18:56:10 INFO  KeyWordEngine.java:70 - locatorValue ://input[@id='wvus_new_expiration']
2022-08-14 18:56:10 INFO  KeyWordEngine.java:73 - action :sendkeys
2022-08-14 18:56:10 INFO  KeyWordEngine.java:76 - value :0425
2022-08-14 18:56:10 INFO  KeyWordEngine.java:83 - element :[[ChromeDriver: chrome on WINDOWS (020be5fed080bd007f326186aa58054f)] -> xpath: //input[@id='wvus_new_expiration']]
2022-08-14 18:56:11 INFO  KeyWordEngine.java:63 - locatorColValue :NA
2022-08-14 18:56:11 INFO  KeyWordEngine.java:73 - action :switchframe
2022-08-14 18:56:11 INFO  KeyWordEngine.java:76 - value :NA
2022-08-14 18:56:11 INFO  KeyWordEngine.java:83 - element :[[ChromeDriver: chrome on WINDOWS (020be5fed080bd007f326186aa58054f)] -> xpath: //input[@id='wvus_new_expiration']]
2022-08-14 18:56:11 INFO  KeyWordEngine.java:63 - locatorColValue :xpath == //input[@name= 'cardNumber']
2022-08-14 18:56:11 INFO  KeyWordEngine.java:68 - locatorName :xpath
2022-08-14 18:56:11 INFO  KeyWordEngine.java:70 - locatorValue ://input[@name= 'cardNumber']
2022-08-14 18:56:11 INFO  KeyWordEngine.java:73 - action :sendkeys
2022-08-14 18:56:11 INFO  KeyWordEngine.java:76 - value :4111 1111 1111 1111
2022-08-14 18:56:11 INFO  KeyWordEngine.java:83 - element :[[ChromeDriver: chrome on WINDOWS (020be5fed080bd007f326186aa58054f)] -> xpath: //input[@name= 'cardNumber']]
2022-08-14 18:56:16 INFO  TC01.java:104 - test case 3 pass successfully
2022-08-14 18:56:16 INFO  TC01.java:111 - Test Case 4 Start
2022-08-14 18:56:23 INFO  SubmitDetails.java:29 - Enter Submit Button
2022-08-14 18:56:42 INFO  BaseClass.java:67 - Close Browser
2022-08-14 19:09:17 INFO  BaseClass.java:45 - OpanCrome Browser
2022-08-14 19:09:18 INFO  TC01.java:28 - Test Case 1 Start
2022-08-14 19:09:18 INFO  TC01.java:31 - Gender :M
2022-08-14 19:09:18 INFO  TC01.java:33 - Age :7
2022-08-14 19:09:21 INFO  TC01.java:35 - Click Submit Button
2022-08-14 19:09:26 INFO  TC01.java:38 - Click On Image 
2022-08-14 19:09:43 INFO  TC01.java:41 - Click on SponsorMe Button 
2022-08-14 19:09:48 INFO  TC01.java:43 - Click On BeginChekout Button 
2022-08-14 19:09:58 INFO  TC01.java:45 - Click On Continue As Guest Button
2022-08-14 19:09:58 INFO  TC01.java:51 - test cases One pass successfully
2022-08-14 19:09:59 INFO  BaseClass.java:77 - rownum :1
2022-08-14 19:09:59 INFO  BaseClass.java:79 - colcount :9
2022-08-14 19:09:59 INFO  TC01.java:62 - Test Case 2 Start
2022-08-14 19:09:59 INFO  TC01.java:65 - First_Name :Test
2022-08-14 19:09:59 INFO  TC01.java:67 - Last_Name :Test
2022-08-14 19:09:59 INFO  TC01.java:69 - Address1 :Test
2022-08-14 19:09:59 INFO  TC01.java:71 - Address2 :Test
2022-08-14 19:09:59 INFO  TC01.java:73 - City :New York
2022-08-14 19:09:59 INFO  TC01.java:75 - State :New York
2022-08-14 19:09:59 INFO  TC01.java:77 - Zip :10001
2022-08-14 19:09:59 INFO  TC01.java:79 - Email :san@gee.com
2022-08-14 19:09:59 INFO  TC01.java:81 - Phone :7909123123
2022-08-14 19:09:59 INFO  TC01.java:83 - Click On Continue Button 
2022-08-14 19:10:00 INFO  TC01.java:85 - Click On UseThisAddress
2022-08-14 19:10:03 INFO  TC01.java:91 - test cases 2 pass successfully
2022-08-14 19:10:03 INFO  TC01.java:102 - Test Case 3 Start
2022-08-14 19:10:03 INFO  KeyWordEngine.java:57 - Sheet Name :Name: /xl/worksheets/sheet1.xml - Content Type: application/vnd.openxmlformats-officedocument.spreadsheetml.worksheet+xml
2022-08-14 19:10:03 INFO  KeyWordEngine.java:63 - locatorColValue :xpath == //input[@id='wvus_new_expiration']
2022-08-14 19:10:03 INFO  KeyWordEngine.java:68 - locatorName :xpath
2022-08-14 19:10:03 INFO  KeyWordEngine.java:70 - locatorValue ://input[@id='wvus_new_expiration']
2022-08-14 19:10:03 INFO  KeyWordEngine.java:73 - action :sendkeys
2022-08-14 19:10:03 INFO  KeyWordEngine.java:76 - value :0425
2022-08-14 19:10:03 INFO  KeyWordEngine.java:83 - element :[[ChromeDriver: chrome on WINDOWS (ac5c51483e05031f3d04f4bbb8d46fba)] -> xpath: //input[@id='wvus_new_expiration']]
2022-08-14 19:10:03 INFO  KeyWordEngine.java:63 - locatorColValue :NA
2022-08-14 19:10:03 INFO  KeyWordEngine.java:73 - action :switchframe
2022-08-14 19:10:03 INFO  KeyWordEngine.java:76 - value :NA
2022-08-14 19:10:03 INFO  KeyWordEngine.java:83 - element :[[ChromeDriver: chrome on WINDOWS (ac5c51483e05031f3d04f4bbb8d46fba)] -> xpath: //input[@id='wvus_new_expiration']]
2022-08-14 19:10:03 INFO  KeyWordEngine.java:63 - locatorColValue :xpath == //input[@name= 'cardNumber']
2022-08-14 19:10:03 INFO  KeyWordEngine.java:68 - locatorName :xpath
2022-08-14 19:10:03 INFO  KeyWordEngine.java:70 - locatorValue ://input[@name= 'cardNumber']
2022-08-14 19:10:03 INFO  KeyWordEngine.java:73 - action :sendkeys
2022-08-14 19:10:03 INFO  KeyWordEngine.java:76 - value :4111 1111 1111 1111
2022-08-14 19:10:03 INFO  KeyWordEngine.java:83 - element :[[ChromeDriver: chrome on WINDOWS (ac5c51483e05031f3d04f4bbb8d46fba)] -> xpath: //input[@name= 'cardNumber']]
2022-08-14 19:10:09 INFO  TC01.java:104 - test case 3 pass successfully
2022-08-14 19:10:09 INFO  TC01.java:111 - Test Case 4 Start
2022-08-14 19:10:09 INFO  SubmitDetails.java:29 - Enter Submit Button
2022-08-14 19:10:20 INFO  BaseClass.java:67 - Close Browser
2022-08-14 19:19:12 INFO  BaseClass.java:45 - OpanCrome Browser
2022-08-14 19:19:13 INFO  TC01.java:28 - Test Case 1 Start
2022-08-14 19:19:13 INFO  TC01.java:31 - Gender :M
2022-08-14 19:19:13 INFO  TC01.java:33 - Age :7
2022-08-14 19:19:15 INFO  TC01.java:35 - Click Submit Button
2022-08-14 19:19:21 INFO  TC01.java:38 - Click On Image 
2022-08-14 19:19:45 INFO  TC01.java:41 - Click on SponsorMe Button 
2022-08-14 19:19:50 INFO  TC01.java:43 - Click On BeginChekout Button 
2022-08-14 19:20:02 INFO  TC01.java:45 - Click On Continue As Guest Button
2022-08-14 19:20:02 INFO  TC01.java:51 - test cases One pass successfully
2022-08-14 19:20:02 INFO  BaseClass.java:77 - rownum :1
2022-08-14 19:20:02 INFO  BaseClass.java:79 - colcount :9
2022-08-14 19:20:03 INFO  TC01.java:62 - Test Case 2 Start
2022-08-14 19:20:03 INFO  TC01.java:65 - First_Name :Test
2022-08-14 19:20:03 INFO  TC01.java:67 - Last_Name :Test
2022-08-14 19:20:03 INFO  TC01.java:69 - Address1 :Test
2022-08-14 19:20:03 INFO  TC01.java:71 - Address2 :Test
2022-08-14 19:20:03 INFO  TC01.java:73 - City :New York
2022-08-14 19:20:03 INFO  TC01.java:75 - State :New York
2022-08-14 19:20:03 INFO  TC01.java:77 - Zip :10001
2022-08-14 19:20:03 INFO  TC01.java:79 - Email :san@gee.com
2022-08-14 19:20:03 INFO  TC01.java:81 - Phone :7909123123
2022-08-14 19:20:03 INFO  TC01.java:83 - Click On Continue Button 
2022-08-14 19:20:04 INFO  TC01.java:85 - Click On UseThisAddress
2022-08-14 19:20:07 INFO  TC01.java:91 - test cases 2 pass successfully
2022-08-14 19:20:07 INFO  TC01.java:102 - Test Case 3 Start
2022-08-14 19:20:07 INFO  KeyWordEngine.java:57 - Sheet Name :Name: /xl/worksheets/sheet1.xml - Content Type: application/vnd.openxmlformats-officedocument.spreadsheetml.worksheet+xml
2022-08-14 19:20:07 INFO  KeyWordEngine.java:63 - locatorColValue :xpath == //input[@id='wvus_new_expiration']
2022-08-14 19:20:07 INFO  KeyWordEngine.java:68 - locatorName :xpath
2022-08-14 19:20:07 INFO  KeyWordEngine.java:70 - locatorValue ://input[@id='wvus_new_expiration']
2022-08-14 19:20:07 INFO  KeyWordEngine.java:73 - action :sendkeys
2022-08-14 19:20:07 INFO  KeyWordEngine.java:76 - value :0425
2022-08-14 19:20:07 INFO  KeyWordEngine.java:83 - element :[[ChromeDriver: chrome on WINDOWS (8a7aa111eb4c212d4c0b1c7504d2023e)] -> xpath: //input[@id='wvus_new_expiration']]
2022-08-14 19:20:08 INFO  KeyWordEngine.java:63 - locatorColValue :NA
2022-08-14 19:20:08 INFO  KeyWordEngine.java:73 - action :switchframe
2022-08-14 19:20:08 INFO  KeyWordEngine.java:76 - value :NA
2022-08-14 19:20:08 INFO  KeyWordEngine.java:83 - element :[[ChromeDriver: chrome on WINDOWS (8a7aa111eb4c212d4c0b1c7504d2023e)] -> xpath: //input[@id='wvus_new_expiration']]
2022-08-14 19:20:08 INFO  KeyWordEngine.java:63 - locatorColValue :xpath == //input[@name= 'cardNumber']
2022-08-14 19:20:08 INFO  KeyWordEngine.java:68 - locatorName :xpath
2022-08-14 19:20:08 INFO  KeyWordEngine.java:70 - locatorValue ://input[@name= 'cardNumber']
2022-08-14 19:20:08 INFO  KeyWordEngine.java:73 - action :sendkeys
2022-08-14 19:20:08 INFO  KeyWordEngine.java:76 - value :4111 1111 1111 1111
2022-08-14 19:20:08 INFO  KeyWordEngine.java:83 - element :[[ChromeDriver: chrome on WINDOWS (8a7aa111eb4c212d4c0b1c7504d2023e)] -> xpath: //input[@name= 'cardNumber']]
2022-08-14 19:20:13 INFO  TC01.java:104 - test case 3 pass successfully
2022-08-14 19:20:13 INFO  TC01.java:111 - Test Case 4 Start
2022-08-14 19:20:13 INFO  SubmitDetails.java:29 - Enter Submit Button
2022-08-14 19:20:22 INFO  BaseClass.java:67 - Close Browser
2022-08-14 19:53:19 INFO  BaseClass.java:41 - OpanCrome Browser
2022-08-14 19:53:20 INFO  TC01.java:23 - Test Case 1 Start
2022-08-14 19:53:21 INFO  TC01.java:26 - Gender :M
2022-08-14 19:53:21 INFO  TC01.java:28 - Age :7
2022-08-14 19:53:26 INFO  TC01.java:30 - Click Submit Button
2022-08-14 19:53:33 INFO  TC01.java:33 - Click On Image 
2022-08-14 19:53:47 INFO  TC01.java:36 - Click on SponsorMe Button 
2022-08-14 19:53:51 INFO  TC01.java:38 - Click On BeginChekout Button 
2022-08-14 19:54:05 INFO  TC01.java:40 - Click On Continue As Guest Button
2022-08-14 19:54:05 INFO  TC01.java:46 - test cases One pass successfully
2022-08-14 19:54:05 INFO  BaseClass.java:73 - rownum :1
2022-08-14 19:54:05 INFO  BaseClass.java:75 - colcount :9
2022-08-14 19:54:05 INFO  TC01.java:57 - Test Case 2 Start
2022-08-14 19:54:05 INFO  TC01.java:60 - First_Name :Test
2022-08-14 19:54:05 INFO  TC01.java:62 - Last_Name :Test
2022-08-14 19:54:05 INFO  TC01.java:64 - Address1 :Test
2022-08-14 19:54:05 INFO  TC01.java:66 - Address2 :Test
2022-08-14 19:54:05 INFO  TC01.java:68 - City :New York
2022-08-14 19:54:05 INFO  TC01.java:70 - State :New York
2022-08-14 19:54:05 INFO  TC01.java:72 - Zip :10001
2022-08-14 19:54:06 INFO  TC01.java:74 - Email :san@gee.com
2022-08-14 19:54:06 INFO  TC01.java:76 - Phone :7909123123
2022-08-14 19:54:06 INFO  TC01.java:78 - Click On Continue Button 
2022-08-14 19:54:07 INFO  TC01.java:80 - Click On UseThisAddress
2022-08-14 19:54:10 INFO  TC01.java:86 - test cases 2 pass successfully
2022-08-14 19:54:10 INFO  TC01.java:97 - Test Case 3 Start
2022-08-14 19:54:10 INFO  KeyWordEngine.java:56 - Sheet Name :Name: /xl/worksheets/sheet1.xml - Content Type: application/vnd.openxmlformats-officedocument.spreadsheetml.worksheet+xml
2022-08-14 19:54:10 INFO  KeyWordEngine.java:62 - locatorColValue :xpath == //input[@id='wvus_new_expiration']
2022-08-14 19:54:10 INFO  KeyWordEngine.java:67 - locatorName :xpath
2022-08-14 19:54:10 INFO  KeyWordEngine.java:69 - locatorValue ://input[@id='wvus_new_expiration']
2022-08-14 19:54:10 INFO  KeyWordEngine.java:72 - action :sendkeys
2022-08-14 19:54:10 INFO  KeyWordEngine.java:75 - value :0425
2022-08-14 19:54:10 INFO  KeyWordEngine.java:82 - element :[[ChromeDriver: chrome on WINDOWS (6b728d083b7f01977bdedd769337f1ea)] -> xpath: //input[@id='wvus_new_expiration']]
2022-08-14 19:54:10 INFO  KeyWordEngine.java:62 - locatorColValue :NA
2022-08-14 19:54:10 INFO  KeyWordEngine.java:72 - action :switchframe
2022-08-14 19:54:10 INFO  KeyWordEngine.java:75 - value :NA
2022-08-14 19:54:10 INFO  KeyWordEngine.java:82 - element :[[ChromeDriver: chrome on WINDOWS (6b728d083b7f01977bdedd769337f1ea)] -> xpath: //input[@id='wvus_new_expiration']]
2022-08-14 19:54:10 INFO  KeyWordEngine.java:62 - locatorColValue :xpath == //input[@name= 'cardNumber']
2022-08-14 19:54:10 INFO  KeyWordEngine.java:67 - locatorName :xpath
2022-08-14 19:54:10 INFO  KeyWordEngine.java:69 - locatorValue ://input[@name= 'cardNumber']
2022-08-14 19:54:10 INFO  KeyWordEngine.java:72 - action :sendkeys
2022-08-14 19:54:10 INFO  KeyWordEngine.java:75 - value :4111 1111 1111 1111
2022-08-14 19:54:10 INFO  KeyWordEngine.java:82 - element :[[ChromeDriver: chrome on WINDOWS (6b728d083b7f01977bdedd769337f1ea)] -> xpath: //input[@name= 'cardNumber']]
2022-08-14 19:54:15 INFO  TC01.java:99 - test case 3 pass successfully
2022-08-14 19:54:15 INFO  TC01.java:106 - Test Case 4 Start
2022-08-14 19:54:15 INFO  SubmitDetails.java:25 - Enter Submit Button
2022-08-14 19:54:40 INFO  BaseClass.java:63 - Close Browser
